[debug] [2025-12-26T16:35:52.046Z] ----------------------------------------------------------------------
[debug] [2025-12-26T16:35:52.047Z] Command:       /Users/santhosh.siva/.nvm/versions/node/v24.2.0/bin/node /Users/santhosh.siva/.nvm/versions/node/v24.2.0/bin/firebase deploy
[debug] [2025-12-26T16:35:52.048Z] CLI Version:   14.27.0
[debug] [2025-12-26T16:35:52.048Z] Platform:      darwin
[debug] [2025-12-26T16:35:52.048Z] Node Version:  v24.2.0
[debug] [2025-12-26T16:35:52.048Z] Time:          Fri Dec 26 2025 22:05:52 GMT+0530 (India Standard Time)
[debug] [2025-12-26T16:35:52.048Z] ----------------------------------------------------------------------
[debug] 
[debug] [2025-12-26T16:35:52.116Z] > command requires scopes: ["email","openid","https://www.googleapis.com/auth/cloudplatformprojects.readonly","https://www.googleapis.com/auth/firebase","https://www.googleapis.com/auth/cloud-platform"]
[debug] [2025-12-26T16:35:52.116Z] > authorizing via signed-in user (santhosh.siva.oa@gmail.com)
[debug] [2025-12-26T16:35:52.116Z] [iam] checking project gitsy-56895 for permissions ["firebase.projects.get","firebasehosting.sites.update"]
[debug] [2025-12-26T16:35:52.116Z] Checked if tokens are valid: false, expires at: 1766767575932
[debug] [2025-12-26T16:35:52.116Z] Checked if tokens are valid: false, expires at: 1766767575932
[debug] [2025-12-26T16:35:52.116Z] > refreshing access token with scopes: []
[debug] [2025-12-26T16:35:52.117Z] >>> [apiv2][query] POST https://www.googleapis.com/oauth2/v3/token [none]
[debug] [2025-12-26T16:35:52.117Z] >>> [apiv2][body] POST https://www.googleapis.com/oauth2/v3/token [omitted]
[debug] [2025-12-26T16:35:52.461Z] <<< [apiv2][status] POST https://www.googleapis.com/oauth2/v3/token 200
[debug] [2025-12-26T16:35:52.461Z] <<< [apiv2][body] POST https://www.googleapis.com/oauth2/v3/token [omitted]
[debug] [2025-12-26T16:35:52.472Z] >>> [apiv2][query] POST https://cloudresourcemanager.googleapis.com/v1/projects/gitsy-56895:testIamPermissions [none]
[debug] [2025-12-26T16:35:52.472Z] >>> [apiv2][(partial)header] POST https://cloudresourcemanager.googleapis.com/v1/projects/gitsy-56895:testIamPermissions x-goog-quota-user=projects/gitsy-56895
[debug] [2025-12-26T16:35:52.472Z] >>> [apiv2][body] POST https://cloudresourcemanager.googleapis.com/v1/projects/gitsy-56895:testIamPermissions {"permissions":["firebase.projects.get","firebasehosting.sites.update"]}
[debug] [2025-12-26T16:35:53.906Z] <<< [apiv2][status] POST https://cloudresourcemanager.googleapis.com/v1/projects/gitsy-56895:testIamPermissions 200
[debug] [2025-12-26T16:35:53.906Z] <<< [apiv2][body] POST https://cloudresourcemanager.googleapis.com/v1/projects/gitsy-56895:testIamPermissions {"permissions":["firebase.projects.get","firebasehosting.sites.update"]}
[debug] [2025-12-26T16:35:53.906Z] Checked if tokens are valid: true, expires at: 1766770551461
[debug] [2025-12-26T16:35:53.906Z] Checked if tokens are valid: true, expires at: 1766770551461
[debug] [2025-12-26T16:35:53.906Z] >>> [apiv2][query] GET https://firebase.googleapis.com/v1beta1/projects/gitsy-56895 [none]
[debug] [2025-12-26T16:35:54.467Z] <<< [apiv2][status] GET https://firebase.googleapis.com/v1beta1/projects/gitsy-56895 200
[debug] [2025-12-26T16:35:54.467Z] <<< [apiv2][body] GET https://firebase.googleapis.com/v1beta1/projects/gitsy-56895 {"projectId":"gitsy-56895","projectNumber":"515554394612","displayName":"Gitsy","name":"projects/gitsy-56895","resources":{"hostingSite":"gitsy-56895"},"state":"ACTIVE","etag":"1_0633efb7-31ae-445b-8778-d3bf288f064d"}
[info] 
[info] === Deploying to 'gitsy-56895'...
[info] 
[info] i  deploying hosting 
[debug] [2025-12-26T16:35:54.469Z] Checked if tokens are valid: true, expires at: 1766770551461
[debug] [2025-12-26T16:35:54.469Z] Checked if tokens are valid: true, expires at: 1766770551461
[debug] [2025-12-26T16:35:54.469Z] >>> [apiv2][query] POST https://firebasehosting.googleapis.com/v1beta1/projects/-/sites/gitsy-56895/versions [none]
[debug] [2025-12-26T16:35:54.469Z] >>> [apiv2][body] POST https://firebasehosting.googleapis.com/v1beta1/projects/-/sites/gitsy-56895/versions {"status":"CREATED","labels":{"deployment-tool":"cli-firebase"}}
